<?xml version="1.0" encoding="UTF-8" ?>
<testsuite errors="0" skipped="0" tests="1" time="0.026" failures="0" name="uk.ac.ebi.intact.psixml.AppTest">
  <properties>
    <property value="Java(TM) 2 Runtime Environment, Standard Edition" name="java.runtime.name"/>
    <property value="C:\Program Files\Java\jdk1.5.0_11\jre\bin" name="sun.boot.library.path"/>
    <property value="1.5.0_11-b03" name="java.vm.version"/>
    <property value="Sun Microsystems Inc." name="java.vm.vendor"/>
    <property value="http://java.sun.com/" name="java.vendor.url"/>
    <property value=";" name="path.separator"/>
    <property value="Java HotSpot(TM) Client VM" name="java.vm.name"/>
    <property value="sun.io" name="file.encoding.pkg"/>
    <property value="GB" name="user.country"/>
    <property value="SUN_STANDARD" name="sun.java.launcher"/>
    <property value="" name="sun.os.patch.level"/>
    <property value="Java Virtual Machine Specification" name="java.vm.specification.name"/>
    <property value="F:\projectes\intact-current\intact-psixml\intact-psixml-converters" name="user.dir"/>
    <property value="1.5.0_11-b03" name="java.runtime.version"/>
    <property value="sun.awt.Win32GraphicsEnvironment" name="java.awt.graphicsenv"/>
    <property value="F:\projectes\intact-current\intact-psixml\intact-psixml-converters" name="basedir"/>
    <property value="C:\Program Files\Java\jdk1.5.0_11\jre\lib\endorsed" name="java.endorsed.dirs"/>
    <property value="x86" name="os.arch"/>
    <property value="C:\Users\Bruno\AppData\Local\Temp\" name="java.io.tmpdir"/>
    <property value="
" name="line.separator"/>
    <property value="Sun Microsystems Inc." name="java.vm.specification.vendor"/>
    <property value="" name="user.variant"/>
    <property value="Windows Vista" name="os.name"/>
    <property value="Cp1252" name="sun.jnu.encoding"/>
    <property value="C:\Program Files\Java\jdk1.5.0_11\jre\bin;.;C:\Windows\system32;C:\Windows;C:\Program Files\Microsoft DirectX SDK (February 2007)\Utilities\Bin\x86;C:\Windows\system32;C:\Windows;C:\Windows\System32\Wbem;C:\Program Files\Panda Software\Panda Antivirus 2007\;C:\Program Files\QuickTime\QTSystem\;C:\dev\maven-2.0.6\bin;C:\Program Files\Java\jdk1.5.0_11\bin;C:\Program Files\Microsoft SQL Server\90\Tools\binn\;C:\Program Files\Common Files\GTK\2.0\bin;C:\Program Files\Common Files\Adobe\AGL;C:\dev\maven-2.0.6\bin;C:\dev\glassfish\bin;F:\projectes\jsf_tck\jsf-1_2-tck\jsftck\bin;C:\Program Files\Subversion\bin;C:\cygwin\bin" name="java.library.path"/>
    <property value="Java Platform API Specification" name="java.specification.name"/>
    <property value="49.0" name="java.class.version"/>
    <property value="HotSpot Client Compiler" name="sun.management.compiler"/>
    <property value="6.0" name="os.version"/>
    <property value="C:\Users\Bruno" name="user.home"/>
    <property value="" name="user.timezone"/>
    <property value="sun.awt.windows.WPrinterJob" name="java.awt.printerjob"/>
    <property value="Cp1252" name="file.encoding"/>
    <property value="1.5" name="java.specification.version"/>
    <property value="Bruno" name="user.name"/>
    <property value="F:\m2repo\org\codehaus\plexus\plexus-archiver\1.0-alpha-7\plexus-archiver-1.0-alpha-7.jar;F:\m2repo\junit\junit\3.8.1\junit-3.8.1.jar;F:\m2repo\org\apache\maven\surefire\surefire-api\2.3\surefire-api-2.3.jar;F:\m2repo\org\codehaus\plexus\plexus-container-default\1.0-alpha-8\plexus-container-default-1.0-alpha-8.jar;F:\m2repo\classworlds\classworlds\1.1-alpha-2\classworlds-1.1-alpha-2.jar;F:\m2repo\org\codehaus\plexus\plexus-utils\1.1\plexus-utils-1.1.jar;F:\m2repo\commons-lang\commons-lang\2.1\commons-lang-2.1.jar;F:\m2repo\org\apache\maven\surefire\surefire-booter\2.3\surefire-booter-2.3.jar" name="java.class.path"/>
    <property value="1.0" name="java.vm.specification.version"/>
    <property value="32" name="sun.arch.data.model"/>
    <property value="C:\Program Files\Java\jdk1.5.0_11\jre" name="java.home"/>
    <property value="Sun Microsystems Inc." name="java.specification.vendor"/>
    <property value="en" name="user.language"/>
    <property value="sun.awt.windows.WToolkit" name="awt.toolkit"/>
    <property value="mixed mode, sharing" name="java.vm.info"/>
    <property value="1.5.0_11" name="java.version"/>
    <property value="C:\Program Files\Java\jdk1.5.0_11\jre\lib\ext" name="java.ext.dirs"/>
    <property value="C:\Program Files\Java\jdk1.5.0_11\jre\lib\rt.jar;C:\Program Files\Java\jdk1.5.0_11\jre\lib\i18n.jar;C:\Program Files\Java\jdk1.5.0_11\jre\lib\sunrsasign.jar;C:\Program Files\Java\jdk1.5.0_11\jre\lib\jsse.jar;C:\Program Files\Java\jdk1.5.0_11\jre\lib\jce.jar;C:\Program Files\Java\jdk1.5.0_11\jre\lib\charsets.jar;C:\Program Files\Java\jdk1.5.0_11\jre\classes" name="sun.boot.class.path"/>
    <property value="Sun Microsystems Inc." name="java.vendor"/>
    <property value="F:\m2repo" name="localRepository"/>
    <property value="\" name="file.separator"/>
    <property value="http://java.sun.com/cgi-bin/bugreport.cgi" name="java.vendor.url.bug"/>
    <property value="little" name="sun.cpu.endian"/>
    <property value="UnicodeLittle" name="sun.io.unicode.encoding"/>
    <property value="ebi" name="institution"/>
    <property value="windows" name="sun.desktop"/>
    <property value="" name="sun.cpu.isalist"/>
  </properties>
  <testcase time="0.008" name="testApp"/>
</testsuite>